Сборка начата 03.03.2022 20:21:00.
     1>Проект "C:\Users\user\documents\visual studio 2015\Projects\progaOOP\progaOOP\progaOOP.vcxproj" в узле 2 (целевые объекты Build).
     1>ClCompile:
         C:\Program Files (x86)\Microsoft Visual Studio 14.0\VC\bin\CL.exe /c /ZI /nologo /W3 /WX- /sdl /Od /Oy- /D _MBCS /Gm /EHsc /RTC1 /MDd /GS /fp:precise /Zc:wchar_t /Zc:forScope /Zc:inline /Fo"Debug\\" /Fd"Debug\vc140.pdb" /Gd /TP /analyze- /errorReport:prompt Client.cpp Container.cpp Fish.cpp Head.cpp
         Head.cpp
         Fish.cpp
     1>c:\users\user\documents\visual studio 2015\projects\progaoop\progaoop\fish.cpp(48): error C2509: OutFish: функция-член не объявлена в "Fish"
         c:\users\user\documents\visual studio 2015\projects\progaoop\progaoop\fish.h(7): note:  см. объявление "Fish"
         Container.cpp
     1>c:\users\user\documents\visual studio 2015\projects\progaoop\progaoop\container.cpp(16): error C2259: Fish: невозможно создать экземпляр абстрактного класса
         c:\users\user\documents\visual studio 2015\projects\progaoop\progaoop\container.cpp(16): note: из-за следующих членов:
         c:\users\user\documents\visual studio 2015\projects\progaoop\progaoop\container.cpp(16): note: void Container::OutBird(std::ofstream &): абстрактный
         c:\users\user\documents\visual studio 2015\projects\progaoop\progaoop\container.h(10): note:  см. объявление "Container::OutBird"
         c:\users\user\documents\visual studio 2015\projects\progaoop\progaoop\container.cpp(16): note: void Container::OutFish(std::ofstream &): абстрактный
         c:\users\user\documents\visual studio 2015\projects\progaoop\progaoop\container.h(11): note:  см. объявление "Container::OutFish"
     1>c:\users\user\documents\visual studio 2015\projects\progaoop\progaoop\container.cpp(21): error C2259: Bird: невозможно создать экземпляр абстрактного класса
         c:\users\user\documents\visual studio 2015\projects\progaoop\progaoop\container.cpp(21): note: из-за следующих членов:
         c:\users\user\documents\visual studio 2015\projects\progaoop\progaoop\container.cpp(21): note: void Container::OutBird(std::ofstream &): абстрактный
         c:\users\user\documents\visual studio 2015\projects\progaoop\progaoop\container.h(10): note:  см. объявление "Container::OutBird"
         c:\users\user\documents\visual studio 2015\projects\progaoop\progaoop\container.cpp(21): note: void Container::OutFish(std::ofstream &): абстрактный
         c:\users\user\documents\visual studio 2015\projects\progaoop\progaoop\container.h(11): note:  см. объявление "Container::OutFish"
         Client.cpp
         Создание кода...
     1>Сборка проекта "C:\Users\user\documents\visual studio 2015\Projects\progaOOP\progaOOP\progaOOP.vcxproj" завершена (целевые объекты Build) с ошибкой.

Ошибка сборки.

Затраченное время: 00:00:01.89
